\BOOKMARK [0][-]{chapter*.1}{\376\377\000P\000r\000o\000o\000f\000\040\000M\000e\000t\000h\000o\000d\000s}{}% 1
\BOOKMARK [1][-]{section*.2}{\376\377\000I\000f\000\040\000t\000h\000e\000n\000\040\000s\000t\000a\000t\000e\000m\000e\000n\000t\000s}{chapter*.1}% 2
\BOOKMARK [1][-]{Item.6}{\376\377\000I\000f\000\040\000t\000h\000e\000n\000\040\000t\000y\000p\000e\000s}{chapter*.1}% 3
\BOOKMARK [1][-]{Item.6}{\376\377\000I\000n\000d\000u\000c\000t\000i\000o\000n\000\040\000P\000r\000o\000o\000f}{chapter*.1}% 4
\BOOKMARK [1][-]{Item.12}{\376\377\000P\000r\000o\000o\000f\000\040\000b\000y\000\040\000c\000o\000n\000t\000r\000a\000d\000i\000c\000t\000i\000o\000n}{chapter*.1}% 5
\BOOKMARK [0][-]{chapter*.3}{\376\377\000D\000e\000f\000i\000n\000i\000t\000i\000o\000n\000s}{}% 6
\BOOKMARK [1][-]{section*.4}{\376\377\000E\000q\000u\000a\000l\000i\000t\000y\000\040\000b\000o\000l\000d\0000\000m\000u\000\040\000m\000u\000m\000u\000\040\000=\000=\000=\000=\000=\000=}{chapter*.3}% 7
\BOOKMARK [1][-]{Item.27}{\376\377\000I\000n\000e\000q\000u\000a\000l\000i\000t\000y\000\040\000b\000o\000l\000d\0000\000m\000u\000\040\000m\000u\000m\000u\000\040\000=\000=\000=\000=\000=\000=}{chapter*.3}% 8
\BOOKMARK [1][-]{Item.27}{\376\377\000I\000n\000\040\000t\000h\000e\000\040\000s\000e\000t\000\040\000o\000f\000\040\000b\000o\000l\000d\0000\000m\000u\000\040\000m\000u\000m\000u\000\040}{chapter*.3}% 9
\BOOKMARK [1][-]{Item.27}{\376\377\000N\000o\000t\000\040\000i\000n\000\040\000t\000h\000e\000\040\000s\000e\000t\000\040\000o\000f\000\040\000b\000o\000l\000d\0000\000m\000u\000\040\000m\000u\000m\000u\000\040\000-\000.\0002\0005\000e\000x\000-\000.\0002\0005\000e\000x\000-\000.\0002\0005\000e\000x\000-\000.\0002\0005\000e\000x\000-\000.\0002\0005\000e\000x\000-\000.\0002\0005\000e\000x\000-\000.\0002\0005\000e\000x\000-\000.\0002\0005\000e\000x\000-\000.\0002\0005\000e\000x\000-\000.\0002\0005\000e\000x\000-\000.\0002\0005\000e\000x\000-\000.\0002\0005\000e\000x\000-\000.\0002\0005\000e\000x\000-\000.\0002\0005\000e\000x\000-\000.\0002\0005\000e\000x\000-\000.\0002\0005\000e\000x\000-\000.\0002\0005\000e\000x\000-\000.\0002\0005\000e\000x\000-\000.\0002\0005\000e\000x\000-\000.\0002\0005\000e\000x\000-\000.\0002\0005\000e\000x\000-\000.\0002\0005\000e\000x\000-\000.\0002\0005\000e\000x\000-\000.\0002\0005\000e\000x}{chapter*.3}% 10
\BOOKMARK [1][-]{Item.27}{\376\377\000D\000i\000v\000i\000s\000i\000b\000i\000l\000i\000t\000y}{chapter*.3}% 11
\BOOKMARK [1][-]{Item.27}{\376\377\0002\000\040\000a\000n\000d\000\040\000o\000t\000h\000e\000r\000\040\000i\000n\000t\000e\000g\000e\000r\000s}{chapter*.3}% 12
\BOOKMARK [1][-]{Item.27}{\376\377\000E\000v\000e\000n\000\040\000I\000n\000t\000e\000g\000e\000r\000s}{chapter*.3}% 13
\BOOKMARK [1][-]{Item.27}{\376\377\000S\000u\000b\000t\000r\000a\000c\000t\000i\000o\000n}{chapter*.3}% 14
\BOOKMARK [1][-]{Item.27}{\376\377\000P\000o\000w\000e\000r}{chapter*.3}% 15
\BOOKMARK [1][-]{Item.29}{\376\377\000S\000u\000m}{chapter*.3}% 16
\BOOKMARK [1][-]{Item.31}{\376\377\000P\000r\000o\000d\000u\000c\000t}{chapter*.3}% 17
\BOOKMARK [1][-]{Item.33}{\376\377\000N\000o\000n\000-\000n\000e\000g\000a\000t\000i\000v\000e\000\040\000i\000n\000t\000e\000g\000e\000r\000\040\000\050\000Z\0000\000\051}{chapter*.3}% 18
\BOOKMARK [1][-]{Item.33}{\376\377\000F\000a\000c\000t\000o\000r\000i\000a\000l}{chapter*.3}% 19
\BOOKMARK [1][-]{Item.35}{\376\377\000S\000u\000b\000s\000e\000t\000\040\000\050\000\051}{chapter*.3}% 20
\BOOKMARK [1][-]{Item.35}{\376\377\000T\000h\000e\000\040\000E\000m\000p\000t\000y\000\040\000S\000e\000t\000\040\000\050\000\051}{chapter*.3}% 21
\BOOKMARK [1][-]{Item.35}{\376\377\000E\000q\000u\000a\000l\000\040\000S\000e\000t\000s\000\040\000\050\000=\000\051}{chapter*.3}% 22
\BOOKMARK [1][-]{Item.35}{\376\377\000F\000u\000n\000c\000t\000i\000o\000n\000s}{chapter*.3}% 23
\BOOKMARK [0][-]{chapter*.5}{\376\377\000T\000h\000e\000o\000r\000e\000m\000s}{}% 24
\BOOKMARK [1][-]{Item.37}{\376\377\000T\000h\000e\000o\000r\000e\000m\000\040\0002\000.\0002\0005\000\040\000\050\000P\000r\000i\000n\000c\000i\000p\000l\000e\000\040\000o\000f\000\040\000M\000a\000t\000h\000e\000m\000a\000t\000i\000c\000a\000l\000\040\000I\000n\000d\000u\000c\000t\000i\000o\000n\000\040\040\024\000\040\000F\000i\000r\000s\000t\000\040\000F\000o\000r\000m\000\040\000R\000e\000v\000i\000s\000i\000t\000e\000d\000\051\000:}{chapter*.5}% 25
\BOOKMARK [0][-]{chapter*.6}{\376\377\000A\000x\000i\000o\000m\000s}{}% 26
\BOOKMARK [1][-]{section*.7}{\376\377\000A\000x\000i\000o\000m\000\040\0001\000.\0001\000:\000\040\000P\000r\000o\000p\000e\000r\000t\000i\000e\000s\000\040\000o\000f\000\040\000I\000n\000t\000e\000g\000e\000r\000s}{chapter*.6}% 27
\BOOKMARK [1][-]{Item.48}{\376\377\000A\000x\000i\000o\000m\000\040\0001\000.\0002\000:\000\040\000I\000d\000e\000n\000t\000i\000t\000y\000\040\000E\000l\000e\000m\000e\000n\000t\000\040\000f\000o\000r\000\040\000A\000d\000d\000i\000t\000i\000o\000n}{chapter*.6}% 28
\BOOKMARK [1][-]{Item.48}{\376\377\000A\000x\000i\000o\000m\000\040\0001\000.\0003\000:\000\040\000I\000d\000e\000n\000t\000i\000t\000y\000\040\000E\000l\000e\000m\000e\000n\000t\000\040\000f\000o\000r\000\040\000M\000u\000l\000t\000i\000p\000l\000i\000c\000a\000t\000i\000o\000n}{chapter*.6}% 29
\BOOKMARK [1][-]{Item.48}{\376\377\000A\000x\000i\000o\000m\000\040\0001\000.\0004\000:\000\040\000A\000d\000d\000i\000t\000i\000v\000e\000\040\000I\000n\000v\000e\000r\000s\000e}{chapter*.6}% 30
\BOOKMARK [1][-]{Item.48}{\376\377\000A\000x\000i\000o\000m\000\040\0001\000.\0005\000:\000\040\000C\000a\000n\000c\000e\000l\000l\000a\000t\000i\000o\000n}{chapter*.6}% 31
\BOOKMARK [1][-]{Item.48}{\376\377\000A\000x\000i\000o\000m\000\040\0002\000.\0001\000:}{chapter*.6}% 32
\BOOKMARK [0][-]{chapter*.8}{\376\377\000P\000r\000o\000p\000o\000s\000i\000t\000i\000o\000n\000s}{}% 33
\BOOKMARK [1][-]{section*.9}{\376\377\000C\000h\000a\000p\000t\000e\000r\000\040\0001\000:\000\040\000P\000r\000o\000p\000o\000s\000i\000t\000i\000o\000n\000s}{chapter*.8}% 34
\BOOKMARK [1][-]{Item.70}{\376\377\000C\000h\000a\000p\000t\000e\000r\000\040\0002\000:\000\040\000P\000r\000o\000p\000o\000s\000i\000t\000i\000o\000n\000s}{chapter*.8}% 35
\BOOKMARK [1][-]{Item.87}{\376\377\000C\000h\000a\000p\000t\000e\000r\000\040\0003\000:\000\040\000P\000r\000o\000p\000o\000s\000i\000t\000i\000o\000n\000s}{chapter*.8}% 36
\BOOKMARK [1][-]{Item.87}{\376\377\000C\000h\000a\000p\000t\000e\000r\000\040\0004\000:\000\040\000P\000r\000o\000p\000o\000s\000i\000t\000i\000o\000n\000s}{chapter*.8}% 37
\BOOKMARK [1][-]{Item.100}{\376\377\000C\000h\000a\000p\000t\000e\000r\000\040\0005\000:\000\040\000P\000r\000o\000p\000o\000s\000i\000t\000i\000o\000n\000s}{chapter*.8}% 38
\BOOKMARK [0][-]{chapter.1}{\376\377\000Q\000u\000i\000z\000z\000e\000s}{}% 39
\BOOKMARK [1][-]{section*.10}{\376\377\000S\000e\000t\000\040\000D\000e\000f\000i\000n\000i\000t\000i\000o\000n\000\040\000a\000n\000d\000\040\000I\000n\000c\000l\000u\000s\000i\000o\000n}{chapter.1}% 40
\BOOKMARK [1][-]{section*.10}{\376\377\000D\000e\000f\000i\000n\000i\000t\000i\000o\000n\000\040\000o\000f\000\040\000D\000i\000v\000i\000s\000i\000o\000n\000\040\000\050\000m\000|\000n\000\051}{chapter.1}% 41
\BOOKMARK [1][-]{section*.10}{\376\377\000E\000m\000p\000t\000y\000\040\000S\000e\000t\000\040\000D\000e\000f\000i\000n\000i\000t\000i\000o\000n\000\040\000a\000n\000d\000\040\000S\000u\000b\000s\000e\000t\000\040\000P\000r\000o\000p\000e\000r\000t\000y}{chapter.1}% 42
\BOOKMARK [1][-]{section*.10}{\376\377\000U\000n\000i\000o\000n\000\040\000a\000n\000d\000\040\000I\000n\000t\000e\000r\000s\000e\000c\000t\000i\000o\000n\000\040\000D\000e\000f\000i\000n\000i\000t\000i\000o\000n\000s}{chapter.1}% 43
\BOOKMARK [1][-]{section*.10}{\376\377\000E\000q\000u\000i\000v\000a\000l\000e\000n\000c\000e\000\040\000R\000e\000l\000a\000t\000i\000o\000n\000\040\000D\000e\000f\000i\000n\000i\000t\000i\000o\000n}{chapter.1}% 44
\BOOKMARK [1][-]{Item.110}{\376\377\000B\000i\000r\000t\000h\000d\000a\000y\000\040\000S\000t\000a\000t\000e\000m\000e\000n\000t\000\040\000a\000n\000d\000\040\000S\000u\000b\000t\000r\000a\000c\000t\000i\000o\000n\000\040\000D\000e\000f\000i\000n\000i\000t\000i\000o\000n}{chapter.1}% 45
\BOOKMARK [1][-]{Item.110}{\376\377\000F\000u\000r\000t\000h\000e\000r\000\040\000E\000x\000p\000l\000a\000n\000a\000t\000i\000o\000n\000\040\000o\000n\000\040\000t\000h\000e\000\040\000E\000m\000p\000t\000y\000\040\000S\000e\000t}{chapter.1}% 46
\BOOKMARK [1][-]{Item.110}{\376\377\000U\000n\000i\000o\000n\000\040\000a\000n\000d\000\040\000I\000n\000t\000e\000r\000s\000e\000c\000t\000i\000o\000n\000\040\000D\000e\000f\000i\000n\000i\000t\000i\000o\000n\000s}{chapter.1}% 47
\BOOKMARK [1][-]{Item.110}{\376\377\000E\000q\000u\000i\000v\000a\000l\000e\000n\000c\000e\000\040\000R\000e\000l\000a\000t\000i\000o\000n\000\040\000D\000e\000f\000i\000n\000i\000t\000i\000o\000n}{chapter.1}% 48
\BOOKMARK [1][-]{Item.113}{\376\377\000L\000o\000g\000i\000c\000a\000l\000\040\000S\000t\000a\000t\000e\000m\000e\000n\000t\000s\000\040\000a\000n\000d\000\040\000S\000u\000b\000t\000r\000a\000c\000t\000i\000o\000n\000\040\000D\000e\000f\000i\000n\000i\000t\000i\000o\000n}{chapter.1}% 49
\BOOKMARK [1][-]{Item.113}{\376\377\000F\000u\000r\000t\000h\000e\000r\000\040\000D\000i\000s\000c\000u\000s\000s\000i\000o\000n\000\040\000o\000n\000\040\000t\000h\000e\000\040\000E\000m\000p\000t\000y\000\040\000S\000e\000t}{chapter.1}% 50
